-------------------------------------------------------------------------------
Test set: com.wizeline.maven.learningjava.LearningjavamavenApplicationTests
-------------------------------------------------------------------------------
Tests run: 1, Failures: 0, Errors: 1, Skipped: 0, Time elapsed: 6.286 s <<< FAILURE! - in com.wizeline.maven.learningjava.LearningjavamavenApplicationTests
contextLoads  Time elapsed: 0.012 s  <<< ERROR!
java.lang.IllegalStateException: Failed to load ApplicationContext
Caused by: org.springframework.beans.factory.UnsatisfiedDependencyException: Error creating bean with name 'bankingAccountController': Unsatisfied dependency expressed through field 'commonServices'; nested exception is org.springframework.beans.factory.UnsatisfiedDependencyException: Error creating bean with name 'commonServices': Unsatisfied dependency expressed through field 'userService'; nested exception is org.springframework.beans.factory.BeanCreationException: Error creating bean with name 'userServiceImpl' defined in file [E:\Users\10037344\Music\Prueba Entregable 3\LearningJava\target\classes\com\wizeline\maven\learningjava\service\UserServiceImpl.class]: Instantiation of bean failed; nested exception is org.springframework.beans.BeanInstantiationException: Failed to instantiate [com.wizeline.maven.learningjava.service.UserServiceImpl]: Constructor threw exception; nested exception is java.lang.NullPointerException: Cannot invoke "org.springframework.web.client.RestTemplate.getForObject(java.net.URI, java.lang.Class)" because "this.restTemplate" is null
Caused by: org.springframework.beans.factory.UnsatisfiedDependencyException: Error creating bean with name 'commonServices': Unsatisfied dependency expressed through field 'userService'; nested exception is org.springframework.beans.factory.BeanCreationException: Error creating bean with name 'userServiceImpl' defined in file [E:\Users\10037344\Music\Prueba Entregable 3\LearningJava\target\classes\com\wizeline\maven\learningjava\service\UserServiceImpl.class]: Instantiation of bean failed; nested exception is org.springframework.beans.BeanInstantiationException: Failed to instantiate [com.wizeline.maven.learningjava.service.UserServiceImpl]: Constructor threw exception; nested exception is java.lang.NullPointerException: Cannot invoke "org.springframework.web.client.RestTemplate.getForObject(java.net.URI, java.lang.Class)" because "this.restTemplate" is null
Caused by: org.springframework.beans.factory.BeanCreationException: Error creating bean with name 'userServiceImpl' defined in file [E:\Users\10037344\Music\Prueba Entregable 3\LearningJava\target\classes\com\wizeline\maven\learningjava\service\UserServiceImpl.class]: Instantiation of bean failed; nested exception is org.springframework.beans.BeanInstantiationException: Failed to instantiate [com.wizeline.maven.learningjava.service.UserServiceImpl]: Constructor threw exception; nested exception is java.lang.NullPointerException: Cannot invoke "org.springframework.web.client.RestTemplate.getForObject(java.net.URI, java.lang.Class)" because "this.restTemplate" is null
Caused by: org.springframework.beans.BeanInstantiationException: Failed to instantiate [com.wizeline.maven.learningjava.service.UserServiceImpl]: Constructor threw exception; nested exception is java.lang.NullPointerException: Cannot invoke "org.springframework.web.client.RestTemplate.getForObject(java.net.URI, java.lang.Class)" because "this.restTemplate" is null
Caused by: java.lang.NullPointerException: Cannot invoke "org.springframework.web.client.RestTemplate.getForObject(java.net.URI, java.lang.Class)" because "this.restTemplate" is null

