<?xml version="1.0" encoding="UTF-8"?>
<testsuite xmlns:xsi="http://www.w3.org/2001/XMLSchema-instance" xsi:noNamespaceSchemaLocation="https://maven.apache.org/surefire/maven-surefire-plugin/xsd/surefire-test-report.xsd" name="com.wizeline.spring.data.mongodb.controller.UsersControllerTest" time="0.677" tests="6" errors="0" skipped="0" failures="0">
  <properties>
[...]
</properties>
  <testcase name="SeObtieneUnUserCon_testGetBankById" classname="com.wizeline.spring.data.mongodb.controller.UsersControllerTest" time="0.665"/>
  <testcase name="MetodoParaBorrarAllUsers_testDeleteAllUsers" classname="com.wizeline.spring.data.mongodb.controller.UsersControllerTest" time="0.001"/>
  <testcase name="MetodoParaModificarUsersPorId_testUpdateUser" classname="com.wizeline.spring.data.mongodb.controller.UsersControllerTest" time="0.001"/>
  <testcase name="MetodoParaCrearUsers_testCreateUser" classname="com.wizeline.spring.data.mongodb.controller.UsersControllerTest" time="0.004"/>
  <testcase name="testDeleteUser" classname="com.wizeline.spring.data.mongodb.controller.UsersControllerTest" time="0.001"/>
  <testcase name="SeObtienenTodosLosUsersCon_testGetAllBank" classname="com.wizeline.spring.data.mongodb.controller.UsersControllerTest" time="0.001"/>
</testsuite>